<?xml version="1.0" encoding="UTF-8"?>
<!-- Generated by org.testng.reporters.JUnitReportReporter -->
<testsuite skipped="0" hostname="MSDES13" name="com.MS.Zeenyx.Plans.ZeenyxWebsiteTestPlan" tests="1" failures="0" timestamp="2020-02-07T15:45:29 IST" time="37.555" errors="0">
  <testcase name="InfoRequest_ZeenyxTestcase" time="37.555" classname="com.MS.Zeenyx.Plans.ZeenyxWebsiteTestPlan"/>
</testsuite> <!-- com.MS.Zeenyx.Plans.ZeenyxWebsiteTestPlan -->
