<?xml version="1.0" encoding="UTF-8"?>
<!-- Generated by org.testng.reporters.JUnitReportReporter -->
<testsuite skipped="0" hostname="MSDES13" name="com.MS.Zeenyx.Testcases.InfoAboutATZeennyxTestcase" tests="1" failures="0" timestamp="2020-02-14T12:55:56 IST" time="11.182" errors="0">
  <testcase name="InfoAboutAT_ZeenyxTestcase" time="11.182" classname="com.MS.Zeenyx.Testcases.InfoAboutATZeennyxTestcase"/>
</testsuite> <!-- com.MS.Zeenyx.Testcases.InfoAboutATZeennyxTestcase -->
