<?xml version="1.0" encoding="UTF-8"?>
<!-- Generated by org.testng.reporters.JUnitReportReporter -->
<testsuite skipped="0" hostname="MSDESBACKUP" name="com.MS.Zeenyx.Testcases.InfoAboutATZeennyxTestcase" tests="1" failures="0" timestamp="2020-06-05T15:59:04 IST" time="19.876" errors="0">
  <testcase name="InfoAboutAT_ZeenyxTestcase" time="19.876" classname="com.MS.Zeenyx.Testcases.InfoAboutATZeennyxTestcase"/>
  <system-out/>
</testsuite> <!-- com.MS.Zeenyx.Testcases.InfoAboutATZeennyxTestcase -->
