<?xml version="1.0" encoding="UTF-8"?>
<!-- Generated by org.testng.reporters.JUnitReportReporter -->
<testsuite skipped="0" hostname="MSDESBACKUP" name="com.MS.Zeenyx.Testcases.InfoAboutATZeennyxTestcase" tests="1" failures="0" timestamp="2020-06-05T12:06:12 IST" time="9.529" errors="0">
  <testcase name="InfoAboutAT_ZeenyxTestcase" time="9.529" classname="com.MS.Zeenyx.Testcases.InfoAboutATZeennyxTestcase"/>
  <system-out/>
</testsuite> <!-- com.MS.Zeenyx.Testcases.InfoAboutATZeennyxTestcase -->
