<?xml version="1.0" encoding="UTF-8"?>
<!-- Generated by org.testng.reporters.JUnitReportReporter -->
<testsuite skipped="0" hostname="MSDESBACKUP" name="com.MS.Zeenyx.Testcases.Zeenyx_RequestInformation" tests="1" failures="0" timestamp="2020-09-04T13:46:51 IST" time="29.560" errors="0">
  <testcase name="ZeenyxTestcase" time="29.560" classname="com.MS.Zeenyx.Testcases.Zeenyx_RequestInformation"/>
  <system-out/>
</testsuite> <!-- com.MS.Zeenyx.Testcases.Zeenyx_RequestInformation -->
