<?xml version="1.0" encoding="UTF-8"?>
<!-- Generated by org.testng.reporters.JUnitReportReporter -->
<testsuite skipped="0" hostname="MSDESBACKUP" name="com.MS.Zeenyx.Testcases.Zeenyx_RequestInformation" tests="1" failures="0" timestamp="2020-06-09T09:31:46 IST" time="19.730" errors="0">
  <testcase name="WebcastRegister_ZeenyxTestcase" time="19.730" classname="com.MS.Zeenyx.Testcases.Zeenyx_RequestInformation"/>
  <system-out/>
</testsuite> <!-- com.MS.Zeenyx.Testcases.Zeenyx_RequestInformation -->
