<?xml version="1.0" encoding="UTF-8"?>
<!-- Generated by org.testng.reporters.JUnitReportReporter -->
<testsuite skipped="0" hostname="MSDES13" name="com.MS.Zeenyx.Testcases.WebcastRegisterZeennyxTestcase" tests="1" failures="0" timestamp="2020-02-07T11:34:58 IST" time="16.289" errors="0">
  <testcase name="InfoRequest_ZeenyxTestcase" time="16.289" classname="com.MS.Zeenyx.Testcases.WebcastRegisterZeennyxTestcase"/>
</testsuite> <!-- com.MS.Zeenyx.Testcases.WebcastRegisterZeennyxTestcase -->
