<?xml version="1.0" encoding="UTF-8"?>
<!-- Generated by org.testng.reporters.JUnitReportReporter -->
<testsuite skipped="0" hostname="MSDES13" name="com.MS.Zeenyx.Testcases.TrialReqForATZeennyxTestcase" tests="1" failures="0" timestamp="2020-02-07T11:02:49 IST" time="21.038" errors="0">
  <testcase name="InfoRequest_ZeenyxTestcase" time="21.038" classname="com.MS.Zeenyx.Testcases.TrialReqForATZeennyxTestcase"/>
</testsuite> <!-- com.MS.Zeenyx.Testcases.TrialReqForATZeennyxTestcase -->
