<?xml version="1.0" encoding="UTF-8"?>
<!-- Generated by org.testng.reporters.JUnitReportReporter -->
<testsuite skipped="0" hostname="MSDES13" name="com.MS.Zeenyx.Testcases.TestcaseWithoutFramework" tests="1" failures="0" timestamp="2020-02-05T12:15:49 IST" time="22.206" errors="0">
  <testcase name="ZeennyxInfoAboutATTestcase_JavaSele" time="22.206" classname="com.MS.Zeenyx.Testcases.TestcaseWithoutFramework"/>
</testsuite> <!-- com.MS.Zeenyx.Testcases.TestcaseWithoutFramework -->
