<?xml version="1.0" encoding="UTF-8"?>
<!-- Generated by org.testng.reporters.JUnitReportReporter -->
<testsuite skipped="0" hostname="MSDES13" name="com.MS.Zeenyx.Testcases.InfoRequestZeenyxTestcase" tests="1" failures="0" timestamp="2020-02-12T16:55:36 IST" time="26.678" errors="0">
  <testcase name="InfoRequest_ZeenyxTestcase" time="26.678" classname="com.MS.Zeenyx.Testcases.InfoRequestZeenyxTestcase"/>
</testsuite> <!-- com.MS.Zeenyx.Testcases.InfoRequestZeenyxTestcase -->
