<?xml version="1.0" encoding="UTF-8"?>
<!-- Generated by org.testng.reporters.JUnitReportReporter -->
<testsuite name="com.MS.Zeenyx.Testcases.InfoRequestZeenyxTestcase" tests="1" time="15.078" ignored="0" failures="0" timestamp="14 Feb 2020 09:42:27 GMT" skipped="0" hostname="MSDES13" errors="0">
  <testcase name="InfoRequest_ZeenyxTestcase" time="15.078" classname="com.MS.Zeenyx.Testcases.InfoRequestZeenyxTestcase"/>
</testsuite> <!-- com.MS.Zeenyx.Testcases.InfoRequestZeenyxTestcase -->
